[2018-11-22 17:12:14] local.ERROR: PDOException: SQLSTATE[42000]: Syntax error or access violation: 1071 Specified key was too long; max key length is 767 bytes in C:\xampp\htdocs\DesignPattern\vendor\laravel\framework\src\Illuminate\Database\Connection.php:449
Stack trace:
#0 C:\xampp\htdocs\DesignPattern\vendor\laravel\framework\src\Illuminate\Database\Connection.php(449): PDOStatement->execute()
#1 C:\xampp\htdocs\DesignPattern\vendor\laravel\framework\src\Illuminate\Database\Connection.php(640): Illuminate\Database\Connection->Illuminate\Database\{closure}('alter table `us...', Array)
#2 C:\xampp\htdocs\DesignPattern\vendor\laravel\framework\src\Illuminate\Database\Connection.php(607): Illuminate\Database\Connection->runQueryCallback('alter table `us...', Array, Object(Closure))
#3 C:\xampp\htdocs\DesignPattern\vendor\laravel\framework\src\Illuminate\Database\Connection.php(450): Illuminate\Database\Connection->run('alter table `us...', Array, Object(Closure))
#4 C:\xampp\htdocs\DesignPattern\vendor\laravel\framework\src\Illuminate\Database\Schema\Blueprint.php(86): Illuminate\Database\Connection->statement('alter table `us...')
#5 C:\xampp\htdocs\DesignPattern\vendor\laravel\framework\src\Illuminate\Database\Schema\Builder.php(239): Illuminate\Database\Schema\Blueprint->build(Object(Illuminate\Database\MySqlConnection), Object(Illuminate\Database\Schema\Grammars\MySqlGrammar))
#6 C:\xampp\htdocs\DesignPattern\vendor\laravel\framework\src\Illuminate\Database\Schema\Builder.php(164): Illuminate\Database\Schema\Builder->build(Object(Illuminate\Database\Schema\Blueprint))
#7 C:\xampp\htdocs\DesignPattern\vendor\laravel\framework\src\Illuminate\Support\Facades\Facade.php(221): Illuminate\Database\Schema\Builder->create('users', Object(Closure))
#8 C:\xampp\htdocs\DesignPattern\database\migrations\2014_10_12_000000_create_users_table.php(23): Illuminate\Support\Facades\Facade::__callStatic('create', Array)
#9 C:\xampp\htdocs\DesignPattern\vendor\laravel\framework\src\Illuminate\Database\Migrations\Migrator.php(359): CreateUsersTable->up()
#10 C:\xampp\htdocs\DesignPattern\vendor\laravel\framework\src\Illuminate\Database\Migrations\Migrator.php(365): Illuminate\Database\Migrations\Migrator->Illuminate\Database\Migrations\{closure}()
#11 C:\xampp\htdocs\DesignPattern\vendor\laravel\framework\src\Illuminate\Database\Migrations\Migrator.php(177): Illuminate\Database\Migrations\Migrator->runMigration(Object(CreateUsersTable), 'up')
#12 C:\xampp\htdocs\DesignPattern\vendor\laravel\framework\src\Illuminate\Database\Migrations\Migrator.php(146): Illuminate\Database\Migrations\Migrator->runUp('C:\\xampp\\htdocs...', 1, false)
#13 C:\xampp\htdocs\DesignPattern\vendor\laravel\framework\src\Illuminate\Database\Migrations\Migrator.php(95): Illuminate\Database\Migrations\Migrator->runPending(Array, Array)
#14 C:\xampp\htdocs\DesignPattern\vendor\laravel\framework\src\Illuminate\Database\Console\Migrations\MigrateCommand.php(69): Illuminate\Database\Migrations\Migrator->run(Array, Array)
#15 [internal function]: Illuminate\Database\Console\Migrations\MigrateCommand->fire()
#16 C:\xampp\htdocs\DesignPattern\vendor\laravel\framework\src\Illuminate\Container\BoundMethod.php(29): call_user_func_array(Array, Array)
#17 C:\xampp\htdocs\DesignPattern\vendor\laravel\framework\src\Illuminate\Container\BoundMethod.php(87): Illuminate\Container\BoundMethod::Illuminate\Container\{closure}()
#18 C:\xampp\htdocs\DesignPattern\vendor\laravel\framework\src\Illuminate\Container\BoundMethod.php(31): Illuminate\Container\BoundMethod::callBoundMethod(Object(Illuminate\Foundation\Application), Array, Object(Closure))
#19 C:\xampp\htdocs\DesignPattern\vendor\laravel\framework\src\Illuminate\Container\Container.php(539): Illuminate\Container\BoundMethod::call(Object(Illuminate\Foundation\Application), Array, Array, NULL)
#20 C:\xampp\htdocs\DesignPattern\vendor\laravel\framework\src\Illuminate\Console\Command.php(182): Illuminate\Container\Container->call(Array)
#21 C:\xampp\htdocs\DesignPattern\vendor\symfony\console\Command\Command.php(255): Illuminate\Console\Command->execute(Object(Symfony\Component\Console\Input\ArgvInput), Object(Illuminate\Console\OutputStyle))
#22 C:\xampp\htdocs\DesignPattern\vendor\laravel\framework\src\Illuminate\Console\Command.php(167): Symfony\Component\Console\Command\Command->run(Object(Symfony\Component\Console\Input\ArgvInput), Object(Illuminate\Console\OutputStyle))
#23 C:\xampp\htdocs\DesignPattern\vendor\symfony\console\Application.php(946): Illuminate\Console\Command->run(Object(Symfony\Component\Console\Input\ArgvInput), Object(Symfony\Component\Console\Output\ConsoleOutput))
#24 C:\xampp\htdocs\DesignPattern\vendor\symfony\console\Application.php(248): Symfony\Component\Console\Application->doRunCommand(Object(Illuminate\Database\Console\Migrations\MigrateCommand), Object(Symfony\Component\Console\Input\ArgvInput), Object(Symfony\Component\Console\Output\ConsoleOutput))
#25 C:\xampp\htdocs\DesignPattern\vendor\symfony\console\Application.php(148): Symfony\Component\Console\Application->doRun(Object(Symfony\Component\Console\Input\ArgvInput), Object(Symfony\Component\Console\Output\ConsoleOutput))
#26 C:\xampp\htdocs\DesignPattern\vendor\laravel\framework\src\Illuminate\Foundation\Console\Kernel.php(122): Symfony\Component\Console\Application->run(Object(Symfony\Component\Console\Input\ArgvInput), Object(Symfony\Component\Console\Output\ConsoleOutput))
#27 C:\xampp\htdocs\DesignPattern\artisan(35): Illuminate\Foundation\Console\Kernel->handle(Object(Symfony\Component\Console\Input\ArgvInput), Object(Symfony\Component\Console\Output\ConsoleOutput))
#28 {main}

Next Illuminate\Database\QueryException: SQLSTATE[42000]: Syntax error or access violation: 1071 Specified key was too long; max key length is 767 bytes (SQL: alter table `users` add unique `users_email_unique`(`email`)) in C:\xampp\htdocs\DesignPattern\vendor\laravel\framework\src\Illuminate\Database\Connection.php:647
Stack trace:
#0 C:\xampp\htdocs\DesignPattern\vendor\laravel\framework\src\Illuminate\Database\Connection.php(607): Illuminate\Database\Connection->runQueryCallback('alter table `us...', Array, Object(Closure))
#1 C:\xampp\htdocs\DesignPattern\vendor\laravel\framework\src\Illuminate\Database\Connection.php(450): Illuminate\Database\Connection->run('alter table `us...', Array, Object(Closure))
#2 C:\xampp\htdocs\DesignPattern\vendor\laravel\framework\src\Illuminate\Database\Schema\Blueprint.php(86): Illuminate\Database\Connection->statement('alter table `us...')
#3 C:\xampp\htdocs\DesignPattern\vendor\laravel\framework\src\Illuminate\Database\Schema\Builder.php(239): Illuminate\Database\Schema\Blueprint->build(Object(Illuminate\Database\MySqlConnection), Object(Illuminate\Database\Schema\Grammars\MySqlGrammar))
#4 C:\xampp\htdocs\DesignPattern\vendor\laravel\framework\src\Illuminate\Database\Schema\Builder.php(164): Illuminate\Database\Schema\Builder->build(Object(Illuminate\Database\Schema\Blueprint))
#5 C:\xampp\htdocs\DesignPattern\vendor\laravel\framework\src\Illuminate\Support\Facades\Facade.php(221): Illuminate\Database\Schema\Builder->create('users', Object(Closure))
#6 C:\xampp\htdocs\DesignPattern\database\migrations\2014_10_12_000000_create_users_table.php(23): Illuminate\Support\Facades\Facade::__callStatic('create', Array)
#7 C:\xampp\htdocs\DesignPattern\vendor\laravel\framework\src\Illuminate\Database\Migrations\Migrator.php(359): CreateUsersTable->up()
#8 C:\xampp\htdocs\DesignPattern\vendor\laravel\framework\src\Illuminate\Database\Migrations\Migrator.php(365): Illuminate\Database\Migrations\Migrator->Illuminate\Database\Migrations\{closure}()
#9 C:\xampp\htdocs\DesignPattern\vendor\laravel\framework\src\Illuminate\Database\Migrations\Migrator.php(177): Illuminate\Database\Migrations\Migrator->runMigration(Object(CreateUsersTable), 'up')
#10 C:\xampp\htdocs\DesignPattern\vendor\laravel\framework\src\Illuminate\Database\Migrations\Migrator.php(146): Illuminate\Database\Migrations\Migrator->runUp('C:\\xampp\\htdocs...', 1, false)
#11 C:\xampp\htdocs\DesignPattern\vendor\laravel\framework\src\Illuminate\Database\Migrations\Migrator.php(95): Illuminate\Database\Migrations\Migrator->runPending(Array, Array)
#12 C:\xampp\htdocs\DesignPattern\vendor\laravel\framework\src\Illuminate\Database\Console\Migrations\MigrateCommand.php(69): Illuminate\Database\Migrations\Migrator->run(Array, Array)
#13 [internal function]: Illuminate\Database\Console\Migrations\MigrateCommand->fire()
#14 C:\xampp\htdocs\DesignPattern\vendor\laravel\framework\src\Illuminate\Container\BoundMethod.php(29): call_user_func_array(Array, Array)
#15 C:\xampp\htdocs\DesignPattern\vendor\laravel\framework\src\Illuminate\Container\BoundMethod.php(87): Illuminate\Container\BoundMethod::Illuminate\Container\{closure}()
#16 C:\xampp\htdocs\DesignPattern\vendor\laravel\framework\src\Illuminate\Container\BoundMethod.php(31): Illuminate\Container\BoundMethod::callBoundMethod(Object(Illuminate\Foundation\Application), Array, Object(Closure))
#17 C:\xampp\htdocs\DesignPattern\vendor\laravel\framework\src\Illuminate\Container\Container.php(539): Illuminate\Container\BoundMethod::call(Object(Illuminate\Foundation\Application), Array, Array, NULL)
#18 C:\xampp\htdocs\DesignPattern\vendor\laravel\framework\src\Illuminate\Console\Command.php(182): Illuminate\Container\Container->call(Array)
#19 C:\xampp\htdocs\DesignPattern\vendor\symfony\console\Command\Command.php(255): Illuminate\Console\Command->execute(Object(Symfony\Component\Console\Input\ArgvInput), Object(Illuminate\Console\OutputStyle))
#20 C:\xampp\htdocs\DesignPattern\vendor\laravel\framework\src\Illuminate\Console\Command.php(167): Symfony\Component\Console\Command\Command->run(Object(Symfony\Component\Console\Input\ArgvInput), Object(Illuminate\Console\OutputStyle))
#21 C:\xampp\htdocs\DesignPattern\vendor\symfony\console\Application.php(946): Illuminate\Console\Command->run(Object(Symfony\Component\Console\Input\ArgvInput), Object(Symfony\Component\Console\Output\ConsoleOutput))
#22 C:\xampp\htdocs\DesignPattern\vendor\symfony\console\Application.php(248): Symfony\Component\Console\Application->doRunCommand(Object(Illuminate\Database\Console\Migrations\MigrateCommand), Object(Symfony\Component\Console\Input\ArgvInput), Object(Symfony\Component\Console\Output\ConsoleOutput))
#23 C:\xampp\htdocs\DesignPattern\vendor\symfony\console\Application.php(148): Symfony\Component\Console\Application->doRun(Object(Symfony\Component\Console\Input\ArgvInput), Object(Symfony\Component\Console\Output\ConsoleOutput))
#24 C:\xampp\htdocs\DesignPattern\vendor\laravel\framework\src\Illuminate\Foundation\Console\Kernel.php(122): Symfony\Component\Console\Application->run(Object(Symfony\Component\Console\Input\ArgvInput), Object(Symfony\Component\Console\Output\ConsoleOutput))
#25 C:\xampp\htdocs\DesignPattern\artisan(35): Illuminate\Foundation\Console\Kernel->handle(Object(Symfony\Component\Console\Input\ArgvInput), Object(Symfony\Component\Console\Output\ConsoleOutput))
#26 {main}  
[2018-11-22 17:12:42] local.ERROR: PDOException: SQLSTATE[42S01]: Base table or view already exists: 1050 Table 'users' already exists in C:\xampp\htdocs\DesignPattern\vendor\laravel\framework\src\Illuminate\Database\Connection.php:449
Stack trace:
#0 C:\xampp\htdocs\DesignPattern\vendor\laravel\framework\src\Illuminate\Database\Connection.php(449): PDOStatement->execute()
#1 C:\xampp\htdocs\DesignPattern\vendor\laravel\framework\src\Illuminate\Database\Connection.php(640): Illuminate\Database\Connection->Illuminate\Database\{closure}('create table `u...', Array)
#2 C:\xampp\htdocs\DesignPattern\vendor\laravel\framework\src\Illuminate\Database\Connection.php(607): Illuminate\Database\Connection->runQueryCallback('create table `u...', Array, Object(Closure))
#3 C:\xampp\htdocs\DesignPattern\vendor\laravel\framework\src\Illuminate\Database\Connection.php(450): Illuminate\Database\Connection->run('create table `u...', Array, Object(Closure))
#4 C:\xampp\htdocs\DesignPattern\vendor\laravel\framework\src\Illuminate\Database\Schema\Blueprint.php(86): Illuminate\Database\Connection->statement('create table `u...')
#5 C:\xampp\htdocs\DesignPattern\vendor\laravel\framework\src\Illuminate\Database\Schema\Builder.php(239): Illuminate\Database\Schema\Blueprint->build(Object(Illuminate\Database\MySqlConnection), Object(Illuminate\Database\Schema\Grammars\MySqlGrammar))
#6 C:\xampp\htdocs\DesignPattern\vendor\laravel\framework\src\Illuminate\Database\Schema\Builder.php(164): Illuminate\Database\Schema\Builder->build(Object(Illuminate\Database\Schema\Blueprint))
#7 C:\xampp\htdocs\DesignPattern\vendor\laravel\framework\src\Illuminate\Support\Facades\Facade.php(221): Illuminate\Database\Schema\Builder->create('users', Object(Closure))
#8 C:\xampp\htdocs\DesignPattern\database\migrations\2014_10_12_000000_create_users_table.php(23): Illuminate\Support\Facades\Facade::__callStatic('create', Array)
#9 C:\xampp\htdocs\DesignPattern\vendor\laravel\framework\src\Illuminate\Database\Migrations\Migrator.php(359): CreateUsersTable->up()
#10 C:\xampp\htdocs\DesignPattern\vendor\laravel\framework\src\Illuminate\Database\Migrations\Migrator.php(365): Illuminate\Database\Migrations\Migrator->Illuminate\Database\Migrations\{closure}()
#11 C:\xampp\htdocs\DesignPattern\vendor\laravel\framework\src\Illuminate\Database\Migrations\Migrator.php(177): Illuminate\Database\Migrations\Migrator->runMigration(Object(CreateUsersTable), 'up')
#12 C:\xampp\htdocs\DesignPattern\vendor\laravel\framework\src\Illuminate\Database\Migrations\Migrator.php(146): Illuminate\Database\Migrations\Migrator->runUp('C:\\xampp\\htdocs...', 1, false)
#13 C:\xampp\htdocs\DesignPattern\vendor\laravel\framework\src\Illuminate\Database\Migrations\Migrator.php(95): Illuminate\Database\Migrations\Migrator->runPending(Array, Array)
#14 C:\xampp\htdocs\DesignPattern\vendor\laravel\framework\src\Illuminate\Database\Console\Migrations\MigrateCommand.php(69): Illuminate\Database\Migrations\Migrator->run(Array, Array)
#15 [internal function]: Illuminate\Database\Console\Migrations\MigrateCommand->fire()
#16 C:\xampp\htdocs\DesignPattern\vendor\laravel\framework\src\Illuminate\Container\BoundMethod.php(29): call_user_func_array(Array, Array)
#17 C:\xampp\htdocs\DesignPattern\vendor\laravel\framework\src\Illuminate\Container\BoundMethod.php(87): Illuminate\Container\BoundMethod::Illuminate\Container\{closure}()
#18 C:\xampp\htdocs\DesignPattern\vendor\laravel\framework\src\Illuminate\Container\BoundMethod.php(31): Illuminate\Container\BoundMethod::callBoundMethod(Object(Illuminate\Foundation\Application), Array, Object(Closure))
#19 C:\xampp\htdocs\DesignPattern\vendor\laravel\framework\src\Illuminate\Container\Container.php(539): Illuminate\Container\BoundMethod::call(Object(Illuminate\Foundation\Application), Array, Array, NULL)
#20 C:\xampp\htdocs\DesignPattern\vendor\laravel\framework\src\Illuminate\Console\Command.php(182): Illuminate\Container\Container->call(Array)
#21 C:\xampp\htdocs\DesignPattern\vendor\symfony\console\Command\Command.php(255): Illuminate\Console\Command->execute(Object(Symfony\Component\Console\Input\ArgvInput), Object(Illuminate\Console\OutputStyle))
#22 C:\xampp\htdocs\DesignPattern\vendor\laravel\framework\src\Illuminate\Console\Command.php(167): Symfony\Component\Console\Command\Command->run(Object(Symfony\Component\Console\Input\ArgvInput), Object(Illuminate\Console\OutputStyle))
#23 C:\xampp\htdocs\DesignPattern\vendor\symfony\console\Application.php(946): Illuminate\Console\Command->run(Object(Symfony\Component\Console\Input\ArgvInput), Object(Symfony\Component\Console\Output\ConsoleOutput))
#24 C:\xampp\htdocs\DesignPattern\vendor\symfony\console\Application.php(248): Symfony\Component\Console\Application->doRunCommand(Object(Illuminate\Database\Console\Migrations\MigrateCommand), Object(Symfony\Component\Console\Input\ArgvInput), Object(Symfony\Component\Console\Output\ConsoleOutput))
#25 C:\xampp\htdocs\DesignPattern\vendor\symfony\console\Application.php(148): Symfony\Component\Console\Application->doRun(Object(Symfony\Component\Console\Input\ArgvInput), Object(Symfony\Component\Console\Output\ConsoleOutput))
#26 C:\xampp\htdocs\DesignPattern\vendor\laravel\framework\src\Illuminate\Foundation\Console\Kernel.php(122): Symfony\Component\Console\Application->run(Object(Symfony\Component\Console\Input\ArgvInput), Object(Symfony\Component\Console\Output\ConsoleOutput))
#27 C:\xampp\htdocs\DesignPattern\artisan(35): Illuminate\Foundation\Console\Kernel->handle(Object(Symfony\Component\Console\Input\ArgvInput), Object(Symfony\Component\Console\Output\ConsoleOutput))
#28 {main}

Next Illuminate\Database\QueryException: SQLSTATE[42S01]: Base table or view already exists: 1050 Table 'users' already exists (SQL: create table `users` (`id` int unsigned not null auto_increment primary key, `name` varchar(255) not null, `email` varchar(255) not null, `password` varchar(255) not null, `remember_token` varchar(100) null, `created_at` timestamp null, `updated_at` timestamp null) default character set utf8mb4 collate utf8mb4_unicode_ci) in C:\xampp\htdocs\DesignPattern\vendor\laravel\framework\src\Illuminate\Database\Connection.php:647
Stack trace:
#0 C:\xampp\htdocs\DesignPattern\vendor\laravel\framework\src\Illuminate\Database\Connection.php(607): Illuminate\Database\Connection->runQueryCallback('create table `u...', Array, Object(Closure))
#1 C:\xampp\htdocs\DesignPattern\vendor\laravel\framework\src\Illuminate\Database\Connection.php(450): Illuminate\Database\Connection->run('create table `u...', Array, Object(Closure))
#2 C:\xampp\htdocs\DesignPattern\vendor\laravel\framework\src\Illuminate\Database\Schema\Blueprint.php(86): Illuminate\Database\Connection->statement('create table `u...')
#3 C:\xampp\htdocs\DesignPattern\vendor\laravel\framework\src\Illuminate\Database\Schema\Builder.php(239): Illuminate\Database\Schema\Blueprint->build(Object(Illuminate\Database\MySqlConnection), Object(Illuminate\Database\Schema\Grammars\MySqlGrammar))
#4 C:\xampp\htdocs\DesignPattern\vendor\laravel\framework\src\Illuminate\Database\Schema\Builder.php(164): Illuminate\Database\Schema\Builder->build(Object(Illuminate\Database\Schema\Blueprint))
#5 C:\xampp\htdocs\DesignPattern\vendor\laravel\framework\src\Illuminate\Support\Facades\Facade.php(221): Illuminate\Database\Schema\Builder->create('users', Object(Closure))
#6 C:\xampp\htdocs\DesignPattern\database\migrations\2014_10_12_000000_create_users_table.php(23): Illuminate\Support\Facades\Facade::__callStatic('create', Array)
#7 C:\xampp\htdocs\DesignPattern\vendor\laravel\framework\src\Illuminate\Database\Migrations\Migrator.php(359): CreateUsersTable->up()
#8 C:\xampp\htdocs\DesignPattern\vendor\laravel\framework\src\Illuminate\Database\Migrations\Migrator.php(365): Illuminate\Database\Migrations\Migrator->Illuminate\Database\Migrations\{closure}()
#9 C:\xampp\htdocs\DesignPattern\vendor\laravel\framework\src\Illuminate\Database\Migrations\Migrator.php(177): Illuminate\Database\Migrations\Migrator->runMigration(Object(CreateUsersTable), 'up')
#10 C:\xampp\htdocs\DesignPattern\vendor\laravel\framework\src\Illuminate\Database\Migrations\Migrator.php(146): Illuminate\Database\Migrations\Migrator->runUp('C:\\xampp\\htdocs...', 1, false)
#11 C:\xampp\htdocs\DesignPattern\vendor\laravel\framework\src\Illuminate\Database\Migrations\Migrator.php(95): Illuminate\Database\Migrations\Migrator->runPending(Array, Array)
#12 C:\xampp\htdocs\DesignPattern\vendor\laravel\framework\src\Illuminate\Database\Console\Migrations\MigrateCommand.php(69): Illuminate\Database\Migrations\Migrator->run(Array, Array)
#13 [internal function]: Illuminate\Database\Console\Migrations\MigrateCommand->fire()
#14 C:\xampp\htdocs\DesignPattern\vendor\laravel\framework\src\Illuminate\Container\BoundMethod.php(29): call_user_func_array(Array, Array)
#15 C:\xampp\htdocs\DesignPattern\vendor\laravel\framework\src\Illuminate\Container\BoundMethod.php(87): Illuminate\Container\BoundMethod::Illuminate\Container\{closure}()
#16 C:\xampp\htdocs\DesignPattern\vendor\laravel\framework\src\Illuminate\Container\BoundMethod.php(31): Illuminate\Container\BoundMethod::callBoundMethod(Object(Illuminate\Foundation\Application), Array, Object(Closure))
#17 C:\xampp\htdocs\DesignPattern\vendor\laravel\framework\src\Illuminate\Container\Container.php(539): Illuminate\Container\BoundMethod::call(Object(Illuminate\Foundation\Application), Array, Array, NULL)
#18 C:\xampp\htdocs\DesignPattern\vendor\laravel\framework\src\Illuminate\Console\Command.php(182): Illuminate\Container\Container->call(Array)
#19 C:\xampp\htdocs\DesignPattern\vendor\symfony\console\Command\Command.php(255): Illuminate\Console\Command->execute(Object(Symfony\Component\Console\Input\ArgvInput), Object(Illuminate\Console\OutputStyle))
#20 C:\xampp\htdocs\DesignPattern\vendor\laravel\framework\src\Illuminate\Console\Command.php(167): Symfony\Component\Console\Command\Command->run(Object(Symfony\Component\Console\Input\ArgvInput), Object(Illuminate\Console\OutputStyle))
#21 C:\xampp\htdocs\DesignPattern\vendor\symfony\console\Application.php(946): Illuminate\Console\Command->run(Object(Symfony\Component\Console\Input\ArgvInput), Object(Symfony\Component\Console\Output\ConsoleOutput))
#22 C:\xampp\htdocs\DesignPattern\vendor\symfony\console\Application.php(248): Symfony\Component\Console\Application->doRunCommand(Object(Illuminate\Database\Console\Migrations\MigrateCommand), Object(Symfony\Component\Console\Input\ArgvInput), Object(Symfony\Component\Console\Output\ConsoleOutput))
#23 C:\xampp\htdocs\DesignPattern\vendor\symfony\console\Application.php(148): Symfony\Component\Console\Application->doRun(Object(Symfony\Component\Console\Input\ArgvInput), Object(Symfony\Component\Console\Output\ConsoleOutput))
#24 C:\xampp\htdocs\DesignPattern\vendor\laravel\framework\src\Illuminate\Foundation\Console\Kernel.php(122): Symfony\Component\Console\Application->run(Object(Symfony\Component\Console\Input\ArgvInput), Object(Symfony\Component\Console\Output\ConsoleOutput))
#25 C:\xampp\htdocs\DesignPattern\artisan(35): Illuminate\Foundation\Console\Kernel->handle(Object(Symfony\Component\Console\Input\ArgvInput), Object(Symfony\Component\Console\Output\ConsoleOutput))
#26 {main}  
[2018-11-22 18:43:03] local.ERROR: Symfony\Component\Debug\Exception\FatalThrowableError: Call to undefined function assets() in C:\xampp\htdocs\DesignPattern\storage\framework\views\6c7f971d70a6154b563b92b96207e78a18d14f91.php:39
Stack trace:
#0 C:\xampp\htdocs\DesignPattern\vendor\laravel\framework\src\Illuminate\View\Engines\PhpEngine.php(42): include()
#1 C:\xampp\htdocs\DesignPattern\vendor\laravel\framework\src\Illuminate\View\Engines\CompilerEngine.php(59): Illuminate\View\Engines\PhpEngine->evaluatePath('C:\\xampp\\htdocs...', Array)
#2 C:\xampp\htdocs\DesignPattern\vendor\laravel\framework\src\Illuminate\View\View.php(137): Illuminate\View\Engines\CompilerEngine->get('C:\\xampp\\htdocs...', Array)
#3 C:\xampp\htdocs\DesignPattern\vendor\laravel\framework\src\Illuminate\View\View.php(120): Illuminate\View\View->getContents()
#4 C:\xampp\htdocs\DesignPattern\vendor\laravel\framework\src\Illuminate\View\View.php(85): Illuminate\View\View->renderContents()
#5 C:\xampp\htdocs\DesignPattern\vendor\laravel\framework\src\Illuminate\Http\Response.php(38): Illuminate\View\View->render()
#6 C:\xampp\htdocs\DesignPattern\vendor\symfony\http-foundation\Response.php(206): Illuminate\Http\Response->setContent(Object(Illuminate\View\View))
#7 C:\xampp\htdocs\DesignPattern\vendor\laravel\framework\src\Illuminate\Routing\Router.php(615): Symfony\Component\HttpFoundation\Response->__construct(Object(Illuminate\View\View))
#8 C:\xampp\htdocs\DesignPattern\vendor\laravel\framework\src\Illuminate\Routing\Router.php(572): Illuminate\Routing\Router->prepareResponse(Object(Illuminate\Http\Request), Object(Illuminate\View\View))
#9 C:\xampp\htdocs\DesignPattern\vendor\laravel\framework\src\Illuminate\Routing\Pipeline.php(30): Illuminate\Routing\Router->Illuminate\Routing\{closure}(Object(Illuminate\Http\Request))
#10 C:\xampp\htdocs\DesignPattern\vendor\laravel\framework\src\Illuminate\Routing\Middleware\SubstituteBindings.php(41): Illuminate\Routing\Pipeline->Illuminate\Routing\{closure}(Object(Illuminate\Http\Request))
#11 C:\xampp\htdocs\DesignPattern\vendor\laravel\framework\src\Illuminate\Pipeline\Pipeline.php(148): Illuminate\Routing\Middleware\SubstituteBindings->handle(Object(Illuminate\Http\Request), Object(Closure))
#12 C:\xampp\htdocs\DesignPattern\vendor\laravel\framework\src\Illuminate\Routing\Pipeline.php(53): Illuminate\Pipeline\Pipeline->Illuminate\Pipeline\{closure}(Object(Illuminate\Http\Request))
#13 C:\xampp\htdocs\DesignPattern\vendor\laravel\framework\src\Illuminate\Foundation\Http\Middleware\VerifyCsrfToken.php(65): Illuminate\Routing\Pipeline->Illuminate\Routing\{closure}(Object(Illuminate\Http\Request))
#14 C:\xampp\htdocs\DesignPattern\vendor\laravel\framework\src\Illuminate\Pipeline\Pipeline.php(148): Illuminate\Foundation\Http\Middleware\VerifyCsrfToken->handle(Object(Illuminate\Http\Request), Object(Closure))
#15 C:\xampp\htdocs\DesignPattern\vendor\laravel\framework\src\Illuminate\Routing\Pipeline.php(53): Illuminate\Pipeline\Pipeline->Illuminate\Pipeline\{closure}(Object(Illuminate\Http\Request))
#16 C:\xampp\htdocs\DesignPattern\vendor\laravel\framework\src\Illuminate\View\Middleware\ShareErrorsFromSession.php(49): Illuminate\Routing\Pipeline->Illuminate\Routing\{closure}(Object(Illuminate\Http\Request))
#17 C:\xampp\htdocs\DesignPattern\vendor\laravel\framework\src\Illuminate\Pipeline\Pipeline.php(148): Illuminate\View\Middleware\ShareErrorsFromSession->handle(Object(Illuminate\Http\Request), Object(Closure))
#18 C:\xampp\htdocs\DesignPattern\vendor\laravel\framework\src\Illuminate\Routing\Pipeline.php(53): Illuminate\Pipeline\Pipeline->Illuminate\Pipeline\{closure}(Object(Illuminate\Http\Request))
#19 C:\xampp\htdocs\DesignPattern\vendor\laravel\framework\src\Illuminate\Session\Middleware\StartSession.php(64): Illuminate\Routing\Pipeline->Illuminate\Routing\{closure}(Object(Illuminate\Http\Request))
#20 C:\xampp\htdocs\DesignPattern\vendor\laravel\framework\src\Illuminate\Pipeline\Pipeline.php(148): Illuminate\Session\Middleware\StartSession->handle(Object(Illuminate\Http\Request), Object(Closure))
#21 C:\xampp\htdocs\DesignPattern\vendor\laravel\framework\src\Illuminate\Routing\Pipeline.php(53): Illuminate\Pipeline\Pipeline->Illuminate\Pipeline\{closure}(Object(Illuminate\Http\Request))
#22 C:\xampp\htdocs\DesignPattern\vendor\laravel\framework\src\Illuminate\Cookie\Middleware\AddQueuedCookiesToResponse.php(37): Illuminate\Routing\Pipeline->Illuminate\Routing\{closure}(Object(Illuminate\Http\Request))
#23 C:\xampp\htdocs\DesignPattern\vendor\laravel\framework\src\Illuminate\Pipeline\Pipeline.php(148): Illuminate\Cookie\Middleware\AddQueuedCookiesToResponse->handle(Object(Illuminate\Http\Request), Object(Closure))
#24 C:\xampp\htdocs\DesignPattern\vendor\laravel\framework\src\Illuminate\Routing\Pipeline.php(53): Illuminate\Pipeline\Pipeline->Illuminate\Pipeline\{closure}(Object(Illuminate\Http\Request))
#25 C:\xampp\htdocs\DesignPattern\vendor\laravel\framework\src\Illuminate\Cookie\Middleware\EncryptCookies.php(59): Illuminate\Routing\Pipeline->Illuminate\Routing\{closure}(Object(Illuminate\Http\Request))
#26 C:\xampp\htdocs\DesignPattern\vendor\laravel\framework\src\Illuminate\Pipeline\Pipeline.php(148): Illuminate\Cookie\Middleware\EncryptCookies->handle(Object(Illuminate\Http\Request), Object(Closure))
#27 C:\xampp\htdocs\DesignPattern\vendor\laravel\framework\src\Illuminate\Routing\Pipeline.php(53): Illuminate\Pipeline\Pipeline->Illuminate\Pipeline\{closure}(Object(Illuminate\Http\Request))
#28 C:\xampp\htdocs\DesignPattern\vendor\laravel\framework\src\Illuminate\Pipeline\Pipeline.php(102): Illuminate\Routing\Pipeline->Illuminate\Routing\{closure}(Object(Illuminate\Http\Request))
#29 C:\xampp\htdocs\DesignPattern\vendor\laravel\framework\src\Illuminate\Routing\Router.php(574): Illuminate\Pipeline\Pipeline->then(Object(Closure))
#30 C:\xampp\htdocs\DesignPattern\vendor\laravel\framework\src\Illuminate\Routing\Router.php(533): Illuminate\Routing\Router->runRouteWithinStack(Object(Illuminate\Routing\Route), Object(Illuminate\Http\Request))
#31 C:\xampp\htdocs\DesignPattern\vendor\laravel\framework\src\Illuminate\Routing\Router.php(511): Illuminate\Routing\Router->dispatchToRoute(Object(Illuminate\Http\Request))
#32 C:\xampp\htdocs\DesignPattern\vendor\laravel\framework\src\Illuminate\Foundation\Http\Kernel.php(176): Illuminate\Routing\Router->dispatch(Object(Illuminate\Http\Request))
#33 C:\xampp\htdocs\DesignPattern\vendor\laravel\framework\src\Illuminate\Routing\Pipeline.php(30): Illuminate\Foundation\Http\Kernel->Illuminate\Foundation\Http\{closure}(Object(Illuminate\Http\Request))
#34 C:\xampp\htdocs\DesignPattern\vendor\laravel\framework\src\Illuminate\Foundation\Http\Middleware\TransformsRequest.php(30): Illuminate\Routing\Pipeline->Illuminate\Routing\{closure}(Object(Illuminate\Http\Request))
#35 C:\xampp\htdocs\DesignPattern\vendor\laravel\framework\src\Illuminate\Pipeline\Pipeline.php(148): Illuminate\Foundation\Http\Middleware\TransformsRequest->handle(Object(Illuminate\Http\Request), Object(Closure))
#36 C:\xampp\htdocs\DesignPattern\vendor\laravel\framework\src\Illuminate\Routing\Pipeline.php(53): Illuminate\Pipeline\Pipeline->Illuminate\Pipeline\{closure}(Object(Illuminate\Http\Request))
#37 C:\xampp\htdocs\DesignPattern\vendor\laravel\framework\src\Illuminate\Foundation\Http\Middleware\TransformsRequest.php(30): Illuminate\Routing\Pipeline->Illuminate\Routing\{closure}(Object(Illuminate\Http\Request))
#38 C:\xampp\htdocs\DesignPattern\vendor\laravel\framework\src\Illuminate\Pipeline\Pipeline.php(148): Illuminate\Foundation\Http\Middleware\TransformsRequest->handle(Object(Illuminate\Http\Request), Object(Closure))
#39 C:\xampp\htdocs\DesignPattern\vendor\laravel\framework\src\Illuminate\Routing\Pipeline.php(53): Illuminate\Pipeline\Pipeline->Illuminate\Pipeline\{closure}(Object(Illuminate\Http\Request))
#40 C:\xampp\htdocs\DesignPattern\vendor\laravel\framework\src\Illuminate\Foundation\Http\Middleware\ValidatePostSize.php(27): Illuminate\Routing\Pipeline->Illuminate\Routing\{closure}(Object(Illuminate\Http\Request))
#41 C:\xampp\htdocs\DesignPattern\vendor\laravel\framework\src\Illuminate\Pipeline\Pipeline.php(148): Illuminate\Foundation\Http\Middleware\ValidatePostSize->handle(Object(Illuminate\Http\Request), Object(Closure))
#42 C:\xampp\htdocs\DesignPattern\vendor\laravel\framework\src\Illuminate\Routing\Pipeline.php(53): Illuminate\Pipeline\Pipeline->Illuminate\Pipeline\{closure}(Object(Illuminate\Http\Request))
#43 C:\xampp\htdocs\DesignPattern\vendor\laravel\framework\src\Illuminate\Foundation\Http\Middleware\CheckForMaintenanceMode.php(46): Illuminate\Routing\Pipeline->Illuminate\Routing\{closure}(Object(Illuminate\Http\Request))
#44 C:\xampp\htdocs\DesignPattern\vendor\laravel\framework\src\Illuminate\Pipeline\Pipeline.php(148): Illuminate\Foundation\Http\Middleware\CheckForMaintenanceMode->handle(Object(Illuminate\Http\Request), Object(Closure))
#45 C:\xampp\htdocs\DesignPattern\vendor\laravel\framework\src\Illuminate\Routing\Pipeline.php(53): Illuminate\Pipeline\Pipeline->Illuminate\Pipeline\{closure}(Object(Illuminate\Http\Request))
#46 C:\xampp\htdocs\DesignPattern\vendor\laravel\framework\src\Illuminate\Pipeline\Pipeline.php(102): Illuminate\Routing\Pipeline->Illuminate\Routing\{closure}(Object(Illuminate\Http\Request))
#47 C:\xampp\htdocs\DesignPattern\vendor\laravel\framework\src\Illuminate\Foundation\Http\Kernel.php(151): Illuminate\Pipeline\Pipeline->then(Object(Closure))
#48 C:\xampp\htdocs\DesignPattern\vendor\laravel\framework\src\Illuminate\Foundation\Http\Kernel.php(116): Illuminate\Foundation\Http\Kernel->sendRequestThroughRouter(Object(Illuminate\Http\Request))
#49 C:\xampp\htdocs\DesignPattern\public\index.php(53): Illuminate\Foundation\Http\Kernel->handle(Object(Illuminate\Http\Request))
#50 C:\xampp\htdocs\DesignPattern\server.php(21): require_once('C:\\xampp\\htdocs...')
#51 {main}

Next ErrorException: Call to undefined function assets() (View: C:\xampp\htdocs\DesignPattern\resources\views\welcome.blade.php) in C:\xampp\htdocs\DesignPattern\storage\framework\views\6c7f971d70a6154b563b92b96207e78a18d14f91.php:39
Stack trace:
#0 C:\xampp\htdocs\DesignPattern\vendor\laravel\framework\src\Illuminate\View\Engines\PhpEngine.php(46): Illuminate\View\Engines\CompilerEngine->handleViewException(Object(Symfony\Component\Debug\Exception\FatalThrowableError), 1)
#1 C:\xampp\htdocs\DesignPattern\vendor\laravel\framework\src\Illuminate\View\Engines\CompilerEngine.php(59): Illuminate\View\Engines\PhpEngine->evaluatePath('C:\\xampp\\htdocs...', Array)
#2 C:\xampp\htdocs\DesignPattern\vendor\laravel\framework\src\Illuminate\View\View.php(137): Illuminate\View\Engines\CompilerEngine->get('C:\\xampp\\htdocs...', Array)
#3 C:\xampp\htdocs\DesignPattern\vendor\laravel\framework\src\Illuminate\View\View.php(120): Illuminate\View\View->getContents()
#4 C:\xampp\htdocs\DesignPattern\vendor\laravel\framework\src\Illuminate\View\View.php(85): Illuminate\View\View->renderContents()
#5 C:\xampp\htdocs\DesignPattern\vendor\laravel\framework\src\Illuminate\Http\Response.php(38): Illuminate\View\View->render()
#6 C:\xampp\htdocs\DesignPattern\vendor\symfony\http-foundation\Response.php(206): Illuminate\Http\Response->setContent(Object(Illuminate\View\View))
#7 C:\xampp\htdocs\DesignPattern\vendor\laravel\framework\src\Illuminate\Routing\Router.php(615): Symfony\Component\HttpFoundation\Response->__construct(Object(Illuminate\View\View))
#8 C:\xampp\htdocs\DesignPattern\vendor\laravel\framework\src\Illuminate\Routing\Router.php(572): Illuminate\Routing\Router->prepareResponse(Object(Illuminate\Http\Request), Object(Illuminate\View\View))
#9 C:\xampp\htdocs\DesignPattern\vendor\laravel\framework\src\Illuminate\Routing\Pipeline.php(30): Illuminate\Routing\Router->Illuminate\Routing\{closure}(Object(Illuminate\Http\Request))
#10 C:\xampp\htdocs\DesignPattern\vendor\laravel\framework\src\Illuminate\Routing\Middleware\SubstituteBindings.php(41): Illuminate\Routing\Pipeline->Illuminate\Routing\{closure}(Object(Illuminate\Http\Request))
#11 C:\xampp\htdocs\DesignPattern\vendor\laravel\framework\src\Illuminate\Pipeline\Pipeline.php(148): Illuminate\Routing\Middleware\SubstituteBindings->handle(Object(Illuminate\Http\Request), Object(Closure))
#12 C:\xampp\htdocs\DesignPattern\vendor\laravel\framework\src\Illuminate\Routing\Pipeline.php(53): Illuminate\Pipeline\Pipeline->Illuminate\Pipeline\{closure}(Object(Illuminate\Http\Request))
#13 C:\xampp\htdocs\DesignPattern\vendor\laravel\framework\src\Illuminate\Foundation\Http\Middleware\VerifyCsrfToken.php(65): Illuminate\Routing\Pipeline->Illuminate\Routing\{closure}(Object(Illuminate\Http\Request))
#14 C:\xampp\htdocs\DesignPattern\vendor\laravel\framework\src\Illuminate\Pipeline\Pipeline.php(148): Illuminate\Foundation\Http\Middleware\VerifyCsrfToken->handle(Object(Illuminate\Http\Request), Object(Closure))
#15 C:\xampp\htdocs\DesignPattern\vendor\laravel\framework\src\Illuminate\Routing\Pipeline.php(53): Illuminate\Pipeline\Pipeline->Illuminate\Pipeline\{closure}(Object(Illuminate\Http\Request))
#16 C:\xampp\htdocs\DesignPattern\vendor\laravel\framework\src\Illuminate\View\Middleware\ShareErrorsFromSession.php(49): Illuminate\Routing\Pipeline->Illuminate\Routing\{closure}(Object(Illuminate\Http\Request))
#17 C:\xampp\htdocs\DesignPattern\vendor\laravel\framework\src\Illuminate\Pipeline\Pipeline.php(148): Illuminate\View\Middleware\ShareErrorsFromSession->handle(Object(Illuminate\Http\Request), Object(Closure))
#18 C:\xampp\htdocs\DesignPattern\vendor\laravel\framework\src\Illuminate\Routing\Pipeline.php(53): Illuminate\Pipeline\Pipeline->Illuminate\Pipeline\{closure}(Object(Illuminate\Http\Request))
#19 C:\xampp\htdocs\DesignPattern\vendor\laravel\framework\src\Illuminate\Session\Middleware\StartSession.php(64): Illuminate\Routing\Pipeline->Illuminate\Routing\{closure}(Object(Illuminate\Http\Request))
#20 C:\xampp\htdocs\DesignPattern\vendor\laravel\framework\src\Illuminate\Pipeline\Pipeline.php(148): Illuminate\Session\Middleware\StartSession->handle(Object(Illuminate\Http\Request), Object(Closure))
#21 C:\xampp\htdocs\DesignPattern\vendor\laravel\framework\src\Illuminate\Routing\Pipeline.php(53): Illuminate\Pipeline\Pipeline->Illuminate\Pipeline\{closure}(Object(Illuminate\Http\Request))
#22 C:\xampp\htdocs\DesignPattern\vendor\laravel\framework\src\Illuminate\Cookie\Middleware\AddQueuedCookiesToResponse.php(37): Illuminate\Routing\Pipeline->Illuminate\Routing\{closure}(Object(Illuminate\Http\Request))
#23 C:\xampp\htdocs\DesignPattern\vendor\laravel\framework\src\Illuminate\Pipeline\Pipeline.php(148): Illuminate\Cookie\Middleware\AddQueuedCookiesToResponse->handle(Object(Illuminate\Http\Request), Object(Closure))
#24 C:\xampp\htdocs\DesignPattern\vendor\laravel\framework\src\Illuminate\Routing\Pipeline.php(53): Illuminate\Pipeline\Pipeline->Illuminate\Pipeline\{closure}(Object(Illuminate\Http\Request))
#25 C:\xampp\htdocs\DesignPattern\vendor\laravel\framework\src\Illuminate\Cookie\Middleware\EncryptCookies.php(59): Illuminate\Routing\Pipeline->Illuminate\Routing\{closure}(Object(Illuminate\Http\Request))
#26 C:\xampp\htdocs\DesignPattern\vendor\laravel\framework\src\Illuminate\Pipeline\Pipeline.php(148): Illuminate\Cookie\Middleware\EncryptCookies->handle(Object(Illuminate\Http\Request), Object(Closure))
#27 C:\xampp\htdocs\DesignPattern\vendor\laravel\framework\src\Illuminate\Routing\Pipeline.php(53): Illuminate\Pipeline\Pipeline->Illuminate\Pipeline\{closure}(Object(Illuminate\Http\Request))
#28 C:\xampp\htdocs\DesignPattern\vendor\laravel\framework\src\Illuminate\Pipeline\Pipeline.php(102): Illuminate\Routing\Pipeline->Illuminate\Routing\{closure}(Object(Illuminate\Http\Request))
#29 C:\xampp\htdocs\DesignPattern\vendor\laravel\framework\src\Illuminate\Routing\Router.php(574): Illuminate\Pipeline\Pipeline->then(Object(Closure))
#30 C:\xampp\htdocs\DesignPattern\vendor\laravel\framework\src\Illuminate\Routing\Router.php(533): Illuminate\Routing\Router->runRouteWithinStack(Object(Illuminate\Routing\Route), Object(Illuminate\Http\Request))
#31 C:\xampp\htdocs\DesignPattern\vendor\laravel\framework\src\Illuminate\Routing\Router.php(511): Illuminate\Routing\Router->dispatchToRoute(Object(Illuminate\Http\Request))
#32 C:\xampp\htdocs\DesignPattern\vendor\laravel\framework\src\Illuminate\Foundation\Http\Kernel.php(176): Illuminate\Routing\Router->dispatch(Object(Illuminate\Http\Request))
#33 C:\xampp\htdocs\DesignPattern\vendor\laravel\framework\src\Illuminate\Routing\Pipeline.php(30): Illuminate\Foundation\Http\Kernel->Illuminate\Foundation\Http\{closure}(Object(Illuminate\Http\Request))
#34 C:\xampp\htdocs\DesignPattern\vendor\laravel\framework\src\Illuminate\Foundation\Http\Middleware\TransformsRequest.php(30): Illuminate\Routing\Pipeline->Illuminate\Routing\{closure}(Object(Illuminate\Http\Request))
#35 C:\xampp\htdocs\DesignPattern\vendor\laravel\framework\src\Illuminate\Pipeline\Pipeline.php(148): Illuminate\Foundation\Http\Middleware\TransformsRequest->handle(Object(Illuminate\Http\Request), Object(Closure))
#36 C:\xampp\htdocs\DesignPattern\vendor\laravel\framework\src\Illuminate\Routing\Pipeline.php(53): Illuminate\Pipeline\Pipeline->Illuminate\Pipeline\{closure}(Object(Illuminate\Http\Request))
#37 C:\xampp\htdocs\DesignPattern\vendor\laravel\framework\src\Illuminate\Foundation\Http\Middleware\TransformsRequest.php(30): Illuminate\Routing\Pipeline->Illuminate\Routing\{closure}(Object(Illuminate\Http\Request))
#38 C:\xampp\htdocs\DesignPattern\vendor\laravel\framework\src\Illuminate\Pipeline\Pipeline.php(148): Illuminate\Foundation\Http\Middleware\TransformsRequest->handle(Object(Illuminate\Http\Request), Object(Closure))
#39 C:\xampp\htdocs\DesignPattern\vendor\laravel\framework\src\Illuminate\Routing\Pipeline.php(53): Illuminate\Pipeline\Pipeline->Illuminate\Pipeline\{closure}(Object(Illuminate\Http\Request))
#40 C:\xampp\htdocs\DesignPattern\vendor\laravel\framework\src\Illuminate\Foundation\Http\Middleware\ValidatePostSize.php(27): Illuminate\Routing\Pipeline->Illuminate\Routing\{closure}(Object(Illuminate\Http\Request))
#41 C:\xampp\htdocs\DesignPattern\vendor\laravel\framework\src\Illuminate\Pipeline\Pipeline.php(148): Illuminate\Foundation\Http\Middleware\ValidatePostSize->handle(Object(Illuminate\Http\Request), Object(Closure))
#42 C:\xampp\htdocs\DesignPattern\vendor\laravel\framework\src\Illuminate\Routing\Pipeline.php(53): Illuminate\Pipeline\Pipeline->Illuminate\Pipeline\{closure}(Object(Illuminate\Http\Request))
#43 C:\xampp\htdocs\DesignPattern\vendor\laravel\framework\src\Illuminate\Foundation\Http\Middleware\CheckForMaintenanceMode.php(46): Illuminate\Routing\Pipeline->Illuminate\Routing\{closure}(Object(Illuminate\Http\Request))
#44 C:\xampp\htdocs\DesignPattern\vendor\laravel\framework\src\Illuminate\Pipeline\Pipeline.php(148): Illuminate\Foundation\Http\Middleware\CheckForMaintenanceMode->handle(Object(Illuminate\Http\Request), Object(Closure))
#45 C:\xampp\htdocs\DesignPattern\vendor\laravel\framework\src\Illuminate\Routing\Pipeline.php(53): Illuminate\Pipeline\Pipeline->Illuminate\Pipeline\{closure}(Object(Illuminate\Http\Request))
#46 C:\xampp\htdocs\DesignPattern\vendor\laravel\framework\src\Illuminate\Pipeline\Pipeline.php(102): Illuminate\Routing\Pipeline->Illuminate\Routing\{closure}(Object(Illuminate\Http\Request))
#47 C:\xampp\htdocs\DesignPattern\vendor\laravel\framework\src\Illuminate\Foundation\Http\Kernel.php(151): Illuminate\Pipeline\Pipeline->then(Object(Closure))
#48 C:\xampp\htdocs\DesignPattern\vendor\laravel\framework\src\Illuminate\Foundation\Http\Kernel.php(116): Illuminate\Foundation\Http\Kernel->sendRequestThroughRouter(Object(Illuminate\Http\Request))
#49 C:\xampp\htdocs\DesignPattern\public\index.php(53): Illuminate\Foundation\Http\Kernel->handle(Object(Illuminate\Http\Request))
#50 C:\xampp\htdocs\DesignPattern\server.php(21): require_once('C:\\xampp\\htdocs...')
#51 {main}  
